[Tue Nov 19 21:14:46 2024
] SUCCESS: Discovered 2 paths:

[Tue Nov 19 21:17:37 2024
] SUCCESS: Discovered 2 paths:

[Tue Nov 19 21:18:21 2024
] SUCCESS: Discovered 4 paths:

[Tue Nov 19 21:44:54 2024
] SUCCESS: Discovered 4 paths:

[Tue Nov 19 21:52:12 2024
] SUCCESS: Discovered 4 paths:

[Tue Nov 19 21:53:36 2024
] SUCCESS: Discovered 4 paths:

[Tue Nov 19 21:54:04 2024
] SUCCESS: Discovered 4 paths:

[Tue Nov 19 21:59:29 2024
] SUCCESS: Discovered 4 paths:

[Tue Nov 19 21:59:29 2024
] FAILED:Registration
[Tue Nov 19 21:59:29 2024
] SUCCESS: Storage Server running on port Client_port 51593
[Tue Nov 19 21:59:56 2024
] Read Request: Path=a/try.c

[Tue Nov 19 21:59:56 2024
] ERROR: Unable to open file for Reading
[Tue Nov 19 22:02:37 2024
] Read Request: Path=a

[Tue Nov 19 18:44:57 2024
] FAILED:Registration
[Tue Nov 19 18:44:57 2024
] SUCCESS: Storage Server running on port Client_port 58715
[Tue Nov 19 20:00:50 2024
] Error: Path '/b' does not exist
[Tue Nov 19 20:00:50 2024
] SUCCESS: Discovered 1 paths:

[Tue Nov 19 20:01:15 2024
] Error: Path '/b' does not exist
[Tue Nov 19 20:01:15 2024
] SUCCESS: Discovered 1 paths:

[Tue Nov 19 20:01:39 2024
] Error: Path '/b' does not exist
[Tue Nov 19 20:01:39 2024
] SUCCESS: Discovered 1 paths:

[Tue Nov 19 20:01:54 2024
] Error: Path 'b' does not exist
[Tue Nov 19 20:01:54 2024
] SUCCESS: Discovered 1 paths:

[Tue Nov 19 20:02:17 2024
] Error: Path 'b' does not exist
[Tue Nov 19 20:02:17 2024
] SUCCESS: Discovered 1 paths:

[Tue Nov 19 20:02:28 2024
] SUCCESS: Discovered 1 paths:

[Tue Nov 19 20:02:46 2024
] Error: Path '/b' does not exist
[Tue Nov 19 20:02:46 2024
] SUCCESS: Discovered 0 paths:

[Tue Nov 19 20:31:52 2024
] Error: Path '/b' does not exist
[Tue Nov 19 20:31:52 2024
] SUCCESS: Discovered 0 paths:

[Tue Nov 19 20:32:06 2024
] SUCCESS: Discovered 1 paths:

[Tue Nov 19 22:16:19 2024
] SUCCESS: Discovered 1 paths:

[Tue Nov 19 22:17:06 2024
] SUCCESS: Discovered 1 paths:

[Tue Nov 19 22:31:44 2024
] SUCCESS: Discovered 1 paths:

